Release 14.7 - ngc2edif P.20131013 (nt)
Copyright (c) 1995-2013 Xilinx, Inc.  All rights reserved.
Reading design main.ngc ...
WARNING:NetListWriters:298 - No output is written to main.xncf, ignored.
Processing design ...
   Preping design's networks ...
   Preping design's macros ...
WARNING:NetListWriters:306 - Signal bus XLXI_1/XLXI_3/para_out<15 : 0> on block
   main is not reconstructed, because there are some missing bus signals.
WARNING:NetListWriters:306 - Signal bus XLXI_1/XLXI_4/para_out<15 : 0> on block
   main is not reconstructed, because there are some missing bus signals.
WARNING:NetListWriters:306 - Signal bus XLXI_1/XLXI_6/para_out<14 : 0> on block
   main is not reconstructed, because there are some missing bus signals.
  finished :Prep
Writing EDIF netlist file main.edif ...
ngc2edif: Total memory usage is 100028 kilobytes

Release 14.7 - ngc2edif P.20131013 (nt)
Copyright (c) 1995-2013 Xilinx, Inc.  All rights reserved.
Reading design main.ngc ...
WARNING:NetListWriters:298 - No output is written to main.xncf, ignored.
Processing design ...
   Preping design's networks ...
   Preping design's macros ...
WARNING:NetListWriters:306 - Signal bus XLXI_1/XLXI_3/para_out<15 : 0> on block
   main is not reconstructed, because there are some missing bus signals.
WARNING:NetListWriters:306 - Signal bus XLXI_1/XLXI_4/para_out<15 : 0> on block
   main is not reconstructed, because there are some missing bus signals.
WARNING:NetListWriters:306 - Signal bus XLXI_1/XLXI_6/para_out<14 : 0> on block
   main is not reconstructed, because there are some missing bus signals.
  finished :Prep
Writing EDIF netlist file main.edif ...
ngc2edif: Total memory usage is 99836 kilobytes

Release 14.7 - ngc2edif P.20131013 (nt)
Copyright (c) 1995-2013 Xilinx, Inc.  All rights reserved.
Reading design main.ngc ...
WARNING:NetListWriters:298 - No output is written to main.xncf, ignored.
Processing design ...
   Preping design's networks ...
   Preping design's macros ...
WARNING:NetListWriters:306 - Signal bus XLXI_1/XLXI_3/para_out<15 : 0> on block
   main is not reconstructed, because there are some missing bus signals.
WARNING:NetListWriters:306 - Signal bus XLXI_1/XLXI_4/para_out<15 : 0> on block
   main is not reconstructed, because there are some missing bus signals.
WARNING:NetListWriters:306 - Signal bus XLXI_1/XLXI_6/para_out<14 : 0> on block
   main is not reconstructed, because there are some missing bus signals.
  finished :Prep
Writing EDIF netlist file main.edif ...
ngc2edif: Total memory usage is 100732 kilobytes

