Release 14.7 - xst P.20131013 (nt64)
Copyright (c) 1995-2013 Xilinx, Inc.  All rights reserved.
--> Parameter TMPDIR set to xst/projnav.tmp


Total REAL time to Xst completion: 0.00 secs
Total CPU time to Xst completion: 0.21 secs
 
--> Parameter xsthdpdir set to xst


Total REAL time to Xst completion: 0.00 secs
Total CPU time to Xst completion: 0.22 secs
 
--> Reading design: rx_To_Display.prj

TABLE OF CONTENTS
  1) Synthesis Options Summary
  2) HDL Parsing
  3) HDL Elaboration
  4) HDL Synthesis
       4.1) HDL Synthesis Report
  5) Advanced HDL Synthesis
       5.1) Advanced HDL Synthesis Report
  6) Low Level Synthesis
  7) Partition Report
  8) Design Summary
       8.1) Primitive and Black Box Usage
       8.2) Device utilization summary
       8.3) Partition Resource Summary
       8.4) Timing Report
            8.4.1) Clock Information
            8.4.2) Asynchronous Control Signals Information
            8.4.3) Timing Summary
            8.4.4) Timing Details
            8.4.5) Cross Clock Domains Report


=========================================================================
*                      Synthesis Options Summary                        *
=========================================================================
---- Source Parameters
Input File Name                    : "rx_To_Display.prj"
Ignore Synthesis Constraint File   : NO

---- Target Parameters
Output File Name                   : "rx_To_Display"
Output Format                      : NGC
Target Device                      : xc6slx9-3-tqg144

---- Source Options
Top Module Name                    : rx_To_Display
Automatic FSM Extraction           : YES
FSM Encoding Algorithm             : Auto
Safe Implementation                : No
FSM Style                          : LUT
RAM Extraction                     : Yes
RAM Style                          : Auto
ROM Extraction                     : Yes
Shift Register Extraction          : YES
ROM Style                          : Auto
Resource Sharing                   : YES
Asynchronous To Synchronous        : NO
Shift Register Minimum Size        : 2
Use DSP Block                      : Auto
Automatic Register Balancing       : No

---- Target Options
LUT Combining                      : Auto
Reduce Control Sets                : Auto
Add IO Buffers                     : YES
Global Maximum Fanout              : 100000
Add Generic Clock Buffer(BUFG)     : 16
Register Duplication               : YES
Optimize Instantiated Primitives   : NO
Use Clock Enable                   : Auto
Use Synchronous Set                : Auto
Use Synchronous Reset              : Auto
Pack IO Registers into IOBs        : Auto
Equivalent register Removal        : YES

---- General Options
Optimization Goal                  : Speed
Optimization Effort                : 1
Power Reduction                    : NO
Keep Hierarchy                     : No
Netlist Hierarchy                  : As_Optimized
RTL Output                         : Yes
Global Optimization                : AllClockNets
Read Cores                         : YES
Write Timing Constraints           : NO
Cross Clock Analysis               : NO
Hierarchy Separator                : /
Bus Delimiter                      : <>
Case Specifier                     : Maintain
Slice Utilization Ratio            : 100
BRAM Utilization Ratio             : 100
DSP48 Utilization Ratio            : 100
Auto BRAM Packing                  : NO
Slice Utilization Ratio Delta      : 5

=========================================================================


=========================================================================
*                          HDL Parsing                                  *
=========================================================================
Analyzing Verilog file "C:\Users\Ken\OneDrive - KMITL\Digital System Fundamentals\githubDigitalAssign\phol\LastRX\rx_To_Display.vf" into library work
Parsing module <rx_To_Display>.
Parsing VHDL file "C:\Users\Ken\OneDrive - KMITL\Digital System Fundamentals\githubDigitalAssign\phol\LastRX\serial_rx_used.vhd" into library work
Parsing entity <serial_rx>.
Parsing architecture <Behavioral> of entity <serial_rx>.
Parsing VHDL file "C:\Users\Ken\OneDrive - KMITL\Digital System Fundamentals\githubDigitalAssign\phol\LastRX\register16bits.vhd" into library work
Parsing entity <register16bits>.
Parsing architecture <Behavioral> of entity <register16bits>.
Parsing VHDL file "C:\Users\Ken\OneDrive - KMITL\Digital System Fundamentals\githubDigitalAssign\phol\LastRX\promote_Decoder_LED.vhd" into library work
Parsing entity <promote_Decoder_LED>.
Parsing architecture <Behavioral> of entity <promote_decoder_led>.
Parsing VHDL file "C:\Users\Ken\OneDrive - KMITL\Digital System Fundamentals\githubDigitalAssign\phol\LastRX\move_7seg_decoder.vhd" into library work
Parsing entity <move_7seg_decoder>.
Parsing architecture <Behavioral> of entity <move_7seg_decoder>.
Parsing VHDL file "C:\Users\Ken\OneDrive - KMITL\Digital System Fundamentals\githubDigitalAssign\phol\LastRX\Error_Decoder_LED.vhd" into library work
Parsing entity <Error_Decoder_LED>.
Parsing architecture <Behavioral> of entity <error_decoder_led>.
Parsing VHDL file "C:\Users\Ken\OneDrive - KMITL\Digital System Fundamentals\githubDigitalAssign\phol\LastRX\EndGame_Decoder_LED.vhd" into library work
Parsing entity <EndGame_Decoder_LED>.
Parsing architecture <Behavioral> of entity <endgame_decoder_led>.
Parsing VHDL file "C:\Users\Ken\OneDrive - KMITL\Digital System Fundamentals\githubDigitalAssign\phol\LastRX\demux1to4.vhd" into library work
Parsing entity <demux1to4>.
Parsing architecture <Behavioral> of entity <demux1to4>.
Parsing VHDL file "C:\Users\Ken\OneDrive - KMITL\Digital System Fundamentals\githubDigitalAssign\phol\LastRX\checkEmptyRegister16bits.vhd" into library work
Parsing entity <checkEmptyRegister16bits>.
Parsing architecture <Behavioral> of entity <checkemptyregister16bits>.

=========================================================================
*                            HDL Elaboration                            *
=========================================================================

Elaborating module <rx_To_Display>.
Going to vhdl side to elaborate module serial_rx

Elaborating entity <serial_rx> (architecture <Behavioral>) with generics from library <work>.
INFO:HDLCompiler:679 - "C:\Users\Ken\OneDrive - KMITL\Digital System Fundamentals\githubDigitalAssign\phol\LastRX\serial_rx_used.vhd" Line 102. Case statement is complete. others clause is never selected
Back to verilog to continue elaboration
Going to vhdl side to elaborate module demux1to4

Elaborating entity <demux1to4> (architecture <Behavioral>) from library <work>.
WARNING:HDLCompiler:871 - "C:\Users\Ken\OneDrive - KMITL\Digital System Fundamentals\githubDigitalAssign\phol\LastRX\demux1to4.vhd" Line 22: Using initial value ('.','.','.') for header since it is never assigned
WARNING:HDLCompiler:92 - "C:\Users\Ken\OneDrive - KMITL\Digital System Fundamentals\githubDigitalAssign\phol\LastRX\demux1to4.vhd" Line 29: header should be on the sensitivity list of the process
Back to verilog to continue elaboration
Going to vhdl side to elaborate module register16bits

Elaborating entity <register16bits> (architecture <Behavioral>) from library <work>.
Back to verilog to continue elaboration
Going to vhdl side to elaborate module register16bits

Elaborating entity <register16bits> (architecture <Behavioral>) from library <work>.
WARNING:HDLCompiler:758 - "C:\Users\Ken\OneDrive - KMITL\Digital System Fundamentals\githubDigitalAssign\phol\LastRX\register16bits.vhd" Line 32: Replacing existing netlist register16bits(Behavioral)
Back to verilog to continue elaboration
Going to vhdl side to elaborate module register16bits

Elaborating entity <register16bits> (architecture <Behavioral>) from library <work>.
Back to verilog to continue elaboration
Going to vhdl side to elaborate module register16bits

Elaborating entity <register16bits> (architecture <Behavioral>) from library <work>.
Back to verilog to continue elaboration
Going to vhdl side to elaborate module checkEmptyRegister16bits

Elaborating entity <checkEmptyRegister16bits> (architecture <Behavioral>) from library <work>.
Back to verilog to continue elaboration
Going to vhdl side to elaborate module checkEmptyRegister16bits

Elaborating entity <checkEmptyRegister16bits> (architecture <Behavioral>) from library <work>.
WARNING:HDLCompiler:758 - "C:\Users\Ken\OneDrive - KMITL\Digital System Fundamentals\githubDigitalAssign\phol\LastRX\checkEmptyRegister16bits.vhd" Line 5: Replacing existing netlist checkEmptyRegister16bits(Behavioral)
Back to verilog to continue elaboration
Going to vhdl side to elaborate module checkEmptyRegister16bits

Elaborating entity <checkEmptyRegister16bits> (architecture <Behavioral>) from library <work>.
Back to verilog to continue elaboration
Going to vhdl side to elaborate module checkEmptyRegister16bits

Elaborating entity <checkEmptyRegister16bits> (architecture <Behavioral>) from library <work>.
Back to verilog to continue elaboration
Going to vhdl side to elaborate module move_7seg_decoder

Elaborating entity <move_7seg_decoder> (architecture <Behavioral>) with generics from library <work>.
WARNING:HDLCompiler:871 - "C:\Users\Ken\OneDrive - KMITL\Digital System Fundamentals\githubDigitalAssign\phol\LastRX\move_7seg_decoder.vhd" Line 25: Using initial value ('.','.','.') for first_move_in since it is never assigned
WARNING:HDLCompiler:871 - "C:\Users\Ken\OneDrive - KMITL\Digital System Fundamentals\githubDigitalAssign\phol\LastRX\move_7seg_decoder.vhd" Line 26: Using initial value ('.','.','.') for second_move_in since it is never assigned
WARNING:HDLCompiler:871 - "C:\Users\Ken\OneDrive - KMITL\Digital System Fundamentals\githubDigitalAssign\phol\LastRX\move_7seg_decoder.vhd" Line 27: Using initial value ('.','.','.') for third_move_in since it is never assigned
WARNING:HDLCompiler:871 - "C:\Users\Ken\OneDrive - KMITL\Digital System Fundamentals\githubDigitalAssign\phol\LastRX\move_7seg_decoder.vhd" Line 28: Using initial value ('.','.','.') for forth_move_in since it is never assigned
INFO:HDLCompiler:679 - "C:\Users\Ken\OneDrive - KMITL\Digital System Fundamentals\githubDigitalAssign\phol\LastRX\move_7seg_decoder.vhd" Line 60. Case statement is complete. others clause is never selected
INFO:HDLCompiler:679 - "C:\Users\Ken\OneDrive - KMITL\Digital System Fundamentals\githubDigitalAssign\phol\LastRX\move_7seg_decoder.vhd" Line 88. Case statement is complete. others clause is never selected
INFO:HDLCompiler:679 - "C:\Users\Ken\OneDrive - KMITL\Digital System Fundamentals\githubDigitalAssign\phol\LastRX\move_7seg_decoder.vhd" Line 116. Case statement is complete. others clause is never selected
INFO:HDLCompiler:679 - "C:\Users\Ken\OneDrive - KMITL\Digital System Fundamentals\githubDigitalAssign\phol\LastRX\move_7seg_decoder.vhd" Line 144. Case statement is complete. others clause is never selected
Back to verilog to continue elaboration
Going to vhdl side to elaborate module Error_Decoder_LED

Elaborating entity <Error_Decoder_LED> (architecture <Behavioral>) from library <work>.
WARNING:HDLCompiler:871 - "C:\Users\Ken\OneDrive - KMITL\Digital System Fundamentals\githubDigitalAssign\phol\LastRX\Error_Decoder_LED.vhd" Line 15: Using initial value ('.','.','.') for realdata since it is never assigned
WARNING:HDLCompiler:92 - "C:\Users\Ken\OneDrive - KMITL\Digital System Fundamentals\githubDigitalAssign\phol\LastRX\Error_Decoder_LED.vhd" Line 20: nodata should be on the sensitivity list of the process
WARNING:HDLCompiler:92 - "C:\Users\Ken\OneDrive - KMITL\Digital System Fundamentals\githubDigitalAssign\phol\LastRX\Error_Decoder_LED.vhd" Line 23: realdata should be on the sensitivity list of the process
Back to verilog to continue elaboration
Going to vhdl side to elaborate module promote_Decoder_LED

Elaborating entity <promote_Decoder_LED> (architecture <Behavioral>) from library <work>.
WARNING:HDLCompiler:871 - "C:\Users\Ken\OneDrive - KMITL\Digital System Fundamentals\githubDigitalAssign\phol\LastRX\promote_Decoder_LED.vhd" Line 14: Using initial value ('.','.') for realdata since it is never assigned
WARNING:HDLCompiler:92 - "C:\Users\Ken\OneDrive - KMITL\Digital System Fundamentals\githubDigitalAssign\phol\LastRX\promote_Decoder_LED.vhd" Line 19: nodata should be on the sensitivity list of the process
WARNING:HDLCompiler:92 - "C:\Users\Ken\OneDrive - KMITL\Digital System Fundamentals\githubDigitalAssign\phol\LastRX\promote_Decoder_LED.vhd" Line 22: realdata should be on the sensitivity list of the process
INFO:HDLCompiler:679 - "C:\Users\Ken\OneDrive - KMITL\Digital System Fundamentals\githubDigitalAssign\phol\LastRX\promote_Decoder_LED.vhd" Line 27. Case statement is complete. others clause is never selected
Back to verilog to continue elaboration
Going to vhdl side to elaborate module EndGame_Decoder_LED

Elaborating entity <EndGame_Decoder_LED> (architecture <Behavioral>) from library <work>.
WARNING:HDLCompiler:871 - "C:\Users\Ken\OneDrive - KMITL\Digital System Fundamentals\githubDigitalAssign\phol\LastRX\EndGame_Decoder_LED.vhd" Line 40: Using initial value '.' for wintype since it is never assigned
WARNING:HDLCompiler:871 - "C:\Users\Ken\OneDrive - KMITL\Digital System Fundamentals\githubDigitalAssign\phol\LastRX\EndGame_Decoder_LED.vhd" Line 41: Using initial value ('.','.') for whowin since it is never assigned
WARNING:HDLCompiler:92 - "C:\Users\Ken\OneDrive - KMITL\Digital System Fundamentals\githubDigitalAssign\phol\LastRX\EndGame_Decoder_LED.vhd" Line 46: nodata should be on the sensitivity list of the process
WARNING:HDLCompiler:92 - "C:\Users\Ken\OneDrive - KMITL\Digital System Fundamentals\githubDigitalAssign\phol\LastRX\EndGame_Decoder_LED.vhd" Line 49: wintype should be on the sensitivity list of the process
INFO:HDLCompiler:679 - "C:\Users\Ken\OneDrive - KMITL\Digital System Fundamentals\githubDigitalAssign\phol\LastRX\EndGame_Decoder_LED.vhd" Line 52. Case statement is complete. others clause is never selected
WARNING:HDLCompiler:92 - "C:\Users\Ken\OneDrive - KMITL\Digital System Fundamentals\githubDigitalAssign\phol\LastRX\EndGame_Decoder_LED.vhd" Line 54: whowin should be on the sensitivity list of the process
Back to verilog to continue elaboration
WARNING:HDLCompiler:552 - "C:\Users\Ken\OneDrive - KMITL\Digital System Fundamentals\githubDigitalAssign\phol\LastRX\rx_To_Display.vf" Line 95: Input port clock is not connected on this instance

=========================================================================
*                           HDL Synthesis                               *
=========================================================================

Synthesizing Unit <rx_To_Display>.
    Related source file is "C:\Users\Ken\OneDrive - KMITL\Digital System Fundamentals\githubDigitalAssign\phol\LastRX\rx_To_Display.vf".
WARNING:Xst:2898 - Port 'clock', unconnected in block instance 'XLXI_11', is tied to GND.
    Summary:
	no macro.
Unit <rx_To_Display> synthesized.

Synthesizing Unit <serial_rx>.
    Related source file is "C:\Users\Ken\OneDrive - KMITL\Digital System Fundamentals\githubDigitalAssign\phol\LastRX\serial_rx_used.vhd".
        CLKS_PER_BIT = 2083
    Found 1-bit register for signal <RX_Data>.
    Found 1-bit register for signal <rx_data_done>.
    Found 12-bit register for signal <Clk_Count>.
    Found 4-bit register for signal <Bit_Index>.
    Found 3-bit register for signal <state>.
    Found 16-bit register for signal <RX_Data_Output>.
    Found 1-bit register for signal <RX_Data_R>.
    Found finite state machine <FSM_0> for signal <state>.
    -----------------------------------------------------------------------
    | States             | 5                                              |
    | Transitions        | 15                                             |
    | Inputs             | 9                                              |
    | Outputs            | 4                                              |
    | Clock              | clock (rising_edge)                            |
    | Power Up State     | idle                                           |
    | Encoding           | auto                                           |
    | Implementation     | LUT                                            |
    -----------------------------------------------------------------------
    Found 4-bit adder for signal <Bit_Index[3]_GND_5_o_add_16_OUT> created at line 81.
    Found 12-bit adder for signal <Clk_Count[11]_GND_5_o_add_28_OUT> created at line 90.
    Found 12-bit comparator greater for signal <n0009> created at line 68
    Found 4-bit comparator greater for signal <Bit_Index[3]_GND_5_o_LessThan_11_o> created at line 74
    Found 4-bit comparator greater for signal <GND_5_o_Bit_Index[3]_LessThan_15_o> created at line 80
    Found 4-bit comparator greater for signal <Bit_Index[3]_PWR_5_o_LessThan_16_o> created at line 80
    Found 12-bit comparator greater for signal <Clk_Count[11]_PWR_5_o_LessThan_28_o> created at line 89
    Summary:
	inferred   2 Adder/Subtractor(s).
	inferred  35 D-type flip-flop(s).
	inferred   5 Comparator(s).
	inferred  26 Multiplexer(s).
	inferred   1 Finite State Machine(s).
Unit <serial_rx> synthesized.

Synthesizing Unit <demux1to4>.
    Related source file is "C:\Users\Ken\OneDrive - KMITL\Digital System Fundamentals\githubDigitalAssign\phol\LastRX\demux1to4.vhd".
WARNING:Xst:737 - Found 1-bit latch for signal <bot_Move_Out<14>>. Latches may be generated from incomplete case or if statements. We do not recommend the use of latches in FPGA/CPLD designs, as they may lead to timing problems.
WARNING:Xst:737 - Found 1-bit latch for signal <bot_Move_Out<13>>. Latches may be generated from incomplete case or if statements. We do not recommend the use of latches in FPGA/CPLD designs, as they may lead to timing problems.
WARNING:Xst:737 - Found 1-bit latch for signal <bot_Move_Out<12>>. Latches may be generated from incomplete case or if statements. We do not recommend the use of latches in FPGA/CPLD designs, as they may lead to timing problems.
WARNING:Xst:737 - Found 1-bit latch for signal <bot_Move_Out<11>>. Latches may be generated from incomplete case or if statements. We do not recommend the use of latches in FPGA/CPLD designs, as they may lead to timing problems.
WARNING:Xst:737 - Found 1-bit latch for signal <bot_Move_Out<10>>. Latches may be generated from incomplete case or if statements. We do not recommend the use of latches in FPGA/CPLD designs, as they may lead to timing problems.
WARNING:Xst:737 - Found 1-bit latch for signal <bot_Move_Out<9>>. Latches may be generated from incomplete case or if statements. We do not recommend the use of latches in FPGA/CPLD designs, as they may lead to timing problems.
WARNING:Xst:737 - Found 1-bit latch for signal <bot_Move_Out<8>>. Latches may be generated from incomplete case or if statements. We do not recommend the use of latches in FPGA/CPLD designs, as they may lead to timing problems.
WARNING:Xst:737 - Found 1-bit latch for signal <bot_Move_Out<7>>. Latches may be generated from incomplete case or if statements. We do not recommend the use of latches in FPGA/CPLD designs, as they may lead to timing problems.
WARNING:Xst:737 - Found 1-bit latch for signal <bot_Move_Out<6>>. Latches may be generated from incomplete case or if statements. We do not recommend the use of latches in FPGA/CPLD designs, as they may lead to timing problems.
WARNING:Xst:737 - Found 1-bit latch for signal <bot_Move_Out<5>>. Latches may be generated from incomplete case or if statements. We do not recommend the use of latches in FPGA/CPLD designs, as they may lead to timing problems.
WARNING:Xst:737 - Found 1-bit latch for signal <bot_Move_Out<4>>. Latches may be generated from incomplete case or if statements. We do not recommend the use of latches in FPGA/CPLD designs, as they may lead to timing problems.
WARNING:Xst:737 - Found 1-bit latch for signal <bot_Move_Out<3>>. Latches may be generated from incomplete case or if statements. We do not recommend the use of latches in FPGA/CPLD designs, as they may lead to timing problems.
WARNING:Xst:737 - Found 1-bit latch for signal <bot_Move_Out<2>>. Latches may be generated from incomplete case or if statements. We do not recommend the use of latches in FPGA/CPLD designs, as they may lead to timing problems.
WARNING:Xst:737 - Found 1-bit latch for signal <bot_Move_Out<1>>. Latches may be generated from incomplete case or if statements. We do not recommend the use of latches in FPGA/CPLD designs, as they may lead to timing problems.
WARNING:Xst:737 - Found 1-bit latch for signal <bot_Move_Out<0>>. Latches may be generated from incomplete case or if statements. We do not recommend the use of latches in FPGA/CPLD designs, as they may lead to timing problems.
WARNING:Xst:737 - Found 1-bit latch for signal <error_Out<15>>. Latches may be generated from incomplete case or if statements. We do not recommend the use of latches in FPGA/CPLD designs, as they may lead to timing problems.
WARNING:Xst:737 - Found 1-bit latch for signal <error_Out<14>>. Latches may be generated from incomplete case or if statements. We do not recommend the use of latches in FPGA/CPLD designs, as they may lead to timing problems.
WARNING:Xst:737 - Found 1-bit latch for signal <error_Out<13>>. Latches may be generated from incomplete case or if statements. We do not recommend the use of latches in FPGA/CPLD designs, as they may lead to timing problems.
WARNING:Xst:737 - Found 1-bit latch for signal <error_Out<12>>. Latches may be generated from incomplete case or if statements. We do not recommend the use of latches in FPGA/CPLD designs, as they may lead to timing problems.
WARNING:Xst:737 - Found 1-bit latch for signal <error_Out<11>>. Latches may be generated from incomplete case or if statements. We do not recommend the use of latches in FPGA/CPLD designs, as they may lead to timing problems.
WARNING:Xst:737 - Found 1-bit latch for signal <error_Out<10>>. Latches may be generated from incomplete case or if statements. We do not recommend the use of latches in FPGA/CPLD designs, as they may lead to timing problems.
WARNING:Xst:737 - Found 1-bit latch for signal <error_Out<9>>. Latches may be generated from incomplete case or if statements. We do not recommend the use of latches in FPGA/CPLD designs, as they may lead to timing problems.
WARNING:Xst:737 - Found 1-bit latch for signal <error_Out<8>>. Latches may be generated from incomplete case or if statements. We do not recommend the use of latches in FPGA/CPLD designs, as they may lead to timing problems.
WARNING:Xst:737 - Found 1-bit latch for signal <error_Out<7>>. Latches may be generated from incomplete case or if statements. We do not recommend the use of latches in FPGA/CPLD designs, as they may lead to timing problems.
WARNING:Xst:737 - Found 1-bit latch for signal <error_Out<6>>. Latches may be generated from incomplete case or if statements. We do not recommend the use of latches in FPGA/CPLD designs, as they may lead to timing problems.
WARNING:Xst:737 - Found 1-bit latch for signal <error_Out<5>>. Latches may be generated from incomplete case or if statements. We do not recommend the use of latches in FPGA/CPLD designs, as they may lead to timing problems.
WARNING:Xst:737 - Found 1-bit latch for signal <error_Out<4>>. Latches may be generated from incomplete case or if statements. We do not recommend the use of latches in FPGA/CPLD designs, as they may lead to timing problems.
WARNING:Xst:737 - Found 1-bit latch for signal <error_Out<3>>. Latches may be generated from incomplete case or if statements. We do not recommend the use of latches in FPGA/CPLD designs, as they may lead to timing problems.
WARNING:Xst:737 - Found 1-bit latch for signal <error_Out<2>>. Latches may be generated from incomplete case or if statements. We do not recommend the use of latches in FPGA/CPLD designs, as they may lead to timing problems.
WARNING:Xst:737 - Found 1-bit latch for signal <error_Out<1>>. Latches may be generated from incomplete case or if statements. We do not recommend the use of latches in FPGA/CPLD designs, as they may lead to timing problems.
WARNING:Xst:737 - Found 1-bit latch for signal <error_Out<0>>. Latches may be generated from incomplete case or if statements. We do not recommend the use of latches in FPGA/CPLD designs, as they may lead to timing problems.
WARNING:Xst:737 - Found 1-bit latch for signal <promote_Out<15>>. Latches may be generated from incomplete case or if statements. We do not recommend the use of latches in FPGA/CPLD designs, as they may lead to timing problems.
WARNING:Xst:737 - Found 1-bit latch for signal <promote_Out<14>>. Latches may be generated from incomplete case or if statements. We do not recommend the use of latches in FPGA/CPLD designs, as they may lead to timing problems.
WARNING:Xst:737 - Found 1-bit latch for signal <promote_Out<13>>. Latches may be generated from incomplete case or if statements. We do not recommend the use of latches in FPGA/CPLD designs, as they may lead to timing problems.
WARNING:Xst:737 - Found 1-bit latch for signal <promote_Out<12>>. Latches may be generated from incomplete case or if statements. We do not recommend the use of latches in FPGA/CPLD designs, as they may lead to timing problems.
WARNING:Xst:737 - Found 1-bit latch for signal <promote_Out<11>>. Latches may be generated from incomplete case or if statements. We do not recommend the use of latches in FPGA/CPLD designs, as they may lead to timing problems.
WARNING:Xst:737 - Found 1-bit latch for signal <promote_Out<10>>. Latches may be generated from incomplete case or if statements. We do not recommend the use of latches in FPGA/CPLD designs, as they may lead to timing problems.
WARNING:Xst:737 - Found 1-bit latch for signal <promote_Out<9>>. Latches may be generated from incomplete case or if statements. We do not recommend the use of latches in FPGA/CPLD designs, as they may lead to timing problems.
WARNING:Xst:737 - Found 1-bit latch for signal <promote_Out<8>>. Latches may be generated from incomplete case or if statements. We do not recommend the use of latches in FPGA/CPLD designs, as they may lead to timing problems.
WARNING:Xst:737 - Found 1-bit latch for signal <promote_Out<7>>. Latches may be generated from incomplete case or if statements. We do not recommend the use of latches in FPGA/CPLD designs, as they may lead to timing problems.
WARNING:Xst:737 - Found 1-bit latch for signal <promote_Out<6>>. Latches may be generated from incomplete case or if statements. We do not recommend the use of latches in FPGA/CPLD designs, as they may lead to timing problems.
WARNING:Xst:737 - Found 1-bit latch for signal <promote_Out<5>>. Latches may be generated from incomplete case or if statements. We do not recommend the use of latches in FPGA/CPLD designs, as they may lead to timing problems.
WARNING:Xst:737 - Found 1-bit latch for signal <promote_Out<4>>. Latches may be generated from incomplete case or if statements. We do not recommend the use of latches in FPGA/CPLD designs, as they may lead to timing problems.
WARNING:Xst:737 - Found 1-bit latch for signal <promote_Out<3>>. Latches may be generated from incomplete case or if statements. We do not recommend the use of latches in FPGA/CPLD designs, as they may lead to timing problems.
WARNING:Xst:737 - Found 1-bit latch for signal <promote_Out<2>>. Latches may be generated from incomplete case or if statements. We do not recommend the use of latches in FPGA/CPLD designs, as they may lead to timing problems.
WARNING:Xst:737 - Found 1-bit latch for signal <promote_Out<1>>. Latches may be generated from incomplete case or if statements. We do not recommend the use of latches in FPGA/CPLD designs, as they may lead to timing problems.
WARNING:Xst:737 - Found 1-bit latch for signal <promote_Out<0>>. Latches may be generated from incomplete case or if statements. We do not recommend the use of latches in FPGA/CPLD designs, as they may lead to timing problems.
WARNING:Xst:737 - Found 1-bit latch for signal <end_Game_Out<15>>. Latches may be generated from incomplete case or if statements. We do not recommend the use of latches in FPGA/CPLD designs, as they may lead to timing problems.
WARNING:Xst:737 - Found 1-bit latch for signal <end_Game_Out<14>>. Latches may be generated from incomplete case or if statements. We do not recommend the use of latches in FPGA/CPLD designs, as they may lead to timing problems.
WARNING:Xst:737 - Found 1-bit latch for signal <end_Game_Out<13>>. Latches may be generated from incomplete case or if statements. We do not recommend the use of latches in FPGA/CPLD designs, as they may lead to timing problems.
WARNING:Xst:737 - Found 1-bit latch for signal <end_Game_Out<12>>. Latches may be generated from incomplete case or if statements. We do not recommend the use of latches in FPGA/CPLD designs, as they may lead to timing problems.
WARNING:Xst:737 - Found 1-bit latch for signal <end_Game_Out<11>>. Latches may be generated from incomplete case or if statements. We do not recommend the use of latches in FPGA/CPLD designs, as they may lead to timing problems.
WARNING:Xst:737 - Found 1-bit latch for signal <end_Game_Out<10>>. Latches may be generated from incomplete case or if statements. We do not recommend the use of latches in FPGA/CPLD designs, as they may lead to timing problems.
WARNING:Xst:737 - Found 1-bit latch for signal <end_Game_Out<9>>. Latches may be generated from incomplete case or if statements. We do not recommend the use of latches in FPGA/CPLD designs, as they may lead to timing problems.
WARNING:Xst:737 - Found 1-bit latch for signal <end_Game_Out<8>>. Latches may be generated from incomplete case or if statements. We do not recommend the use of latches in FPGA/CPLD designs, as they may lead to timing problems.
WARNING:Xst:737 - Found 1-bit latch for signal <end_Game_Out<7>>. Latches may be generated from incomplete case or if statements. We do not recommend the use of latches in FPGA/CPLD designs, as they may lead to timing problems.
WARNING:Xst:737 - Found 1-bit latch for signal <end_Game_Out<6>>. Latches may be generated from incomplete case or if statements. We do not recommend the use of latches in FPGA/CPLD designs, as they may lead to timing problems.
WARNING:Xst:737 - Found 1-bit latch for signal <end_Game_Out<5>>. Latches may be generated from incomplete case or if statements. We do not recommend the use of latches in FPGA/CPLD designs, as they may lead to timing problems.
WARNING:Xst:737 - Found 1-bit latch for signal <end_Game_Out<4>>. Latches may be generated from incomplete case or if statements. We do not recommend the use of latches in FPGA/CPLD designs, as they may lead to timing problems.
WARNING:Xst:737 - Found 1-bit latch for signal <end_Game_Out<3>>. Latches may be generated from incomplete case or if statements. We do not recommend the use of latches in FPGA/CPLD designs, as they may lead to timing problems.
WARNING:Xst:737 - Found 1-bit latch for signal <end_Game_Out<2>>. Latches may be generated from incomplete case or if statements. We do not recommend the use of latches in FPGA/CPLD designs, as they may lead to timing problems.
WARNING:Xst:737 - Found 1-bit latch for signal <end_Game_Out<1>>. Latches may be generated from incomplete case or if statements. We do not recommend the use of latches in FPGA/CPLD designs, as they may lead to timing problems.
WARNING:Xst:737 - Found 1-bit latch for signal <end_Game_Out<0>>. Latches may be generated from incomplete case or if statements. We do not recommend the use of latches in FPGA/CPLD designs, as they may lead to timing problems.
WARNING:Xst:737 - Found 1-bit latch for signal <bot_Move_Out<15>>. Latches may be generated from incomplete case or if statements. We do not recommend the use of latches in FPGA/CPLD designs, as they may lead to timing problems.
    Summary:
	inferred  64 Latch(s).
	inferred  64 Multiplexer(s).
Unit <demux1to4> synthesized.

Synthesizing Unit <register16bits>.
    Related source file is "C:\Users\Ken\OneDrive - KMITL\Digital System Fundamentals\githubDigitalAssign\phol\LastRX\register16bits.vhd".
    Found 16-bit register for signal <para_out>.
    Summary:
	inferred  16 D-type flip-flop(s).
Unit <register16bits> synthesized.

Synthesizing Unit <checkEmptyRegister16bits>.
    Related source file is "C:\Users\Ken\OneDrive - KMITL\Digital System Fundamentals\githubDigitalAssign\phol\LastRX\checkEmptyRegister16bits.vhd".
    Summary:
	no macro.
Unit <checkEmptyRegister16bits> synthesized.

Synthesizing Unit <move_7seg_decoder>.
    Related source file is "C:\Users\Ken\OneDrive - KMITL\Digital System Fundamentals\githubDigitalAssign\phol\LastRX\move_7seg_decoder.vhd".
        CLKS_PER_Round = 2083
WARNING:Xst:647 - Input <data_move<0:0>> is never used. This port will be preserved and left unconnected if it belongs to a top-level block or it belongs to a sub-block and the hierarchy of this sub-block is preserved.
WARNING:Xst:647 - Input <data_move<15:13>> is never used. This port will be preserved and left unconnected if it belongs to a top-level block or it belongs to a sub-block and the hierarchy of this sub-block is preserved.
    Found 7-bit register for signal <out_7seg>.
    Found 12-bit register for signal <Clk_Count>.
    Found 2-bit register for signal <state>.
    Found 4-bit register for signal <common_7seg_FPGA>.
    Found finite state machine <FSM_1> for signal <state>.
    -----------------------------------------------------------------------
    | States             | 4                                              |
    | Transitions        | 12                                             |
    | Inputs             | 2                                              |
    | Outputs            | 6                                              |
    | Clock              | clock (rising_edge)                            |
    | Power Up State     | first                                          |
    | Encoding           | auto                                           |
    | Implementation     | LUT                                            |
    -----------------------------------------------------------------------
    Found 12-bit adder for signal <Clk_Count[11]_GND_79_o_add_22_OUT> created at line 125.
    Found 7-bit 4-to-1 multiplexer for signal <_n0066> created at line 38.
    Found 12-bit comparator greater for signal <Clk_Count[11]_PWR_80_o_LessThan_22_o> created at line 124
    Summary:
	inferred   1 Adder/Subtractor(s).
	inferred  23 D-type flip-flop(s).
	inferred   1 Comparator(s).
	inferred   1 Multiplexer(s).
	inferred   1 Finite State Machine(s).
Unit <move_7seg_decoder> synthesized.

Synthesizing Unit <Error_Decoder_LED>.
    Related source file is "C:\Users\Ken\OneDrive - KMITL\Digital System Fundamentals\githubDigitalAssign\phol\LastRX\Error_Decoder_LED.vhd".
WARNING:Xst:647 - Input <inp<9:0>> is never used. This port will be preserved and left unconnected if it belongs to a top-level block or it belongs to a sub-block and the hierarchy of this sub-block is preserved.
WARNING:Xst:647 - Input <inp<15:13>> is never used. This port will be preserved and left unconnected if it belongs to a top-level block or it belongs to a sub-block and the hierarchy of this sub-block is preserved.
    Summary:
	inferred   1 Multiplexer(s).
Unit <Error_Decoder_LED> synthesized.

Synthesizing Unit <promote_Decoder_LED>.
    Related source file is "C:\Users\Ken\OneDrive - KMITL\Digital System Fundamentals\githubDigitalAssign\phol\LastRX\promote_Decoder_LED.vhd".
WARNING:Xst:647 - Input <inp<10:0>> is never used. This port will be preserved and left unconnected if it belongs to a top-level block or it belongs to a sub-block and the hierarchy of this sub-block is preserved.
WARNING:Xst:647 - Input <inp<15:13>> is never used. This port will be preserved and left unconnected if it belongs to a top-level block or it belongs to a sub-block and the hierarchy of this sub-block is preserved.
    Summary:
	inferred   1 Multiplexer(s).
Unit <promote_Decoder_LED> synthesized.

Synthesizing Unit <EndGame_Decoder_LED>.
    Related source file is "C:\Users\Ken\OneDrive - KMITL\Digital System Fundamentals\githubDigitalAssign\phol\LastRX\EndGame_Decoder_LED.vhd".
WARNING:Xst:647 - Input <inp<9:0>> is never used. This port will be preserved and left unconnected if it belongs to a top-level block or it belongs to a sub-block and the hierarchy of this sub-block is preserved.
WARNING:Xst:647 - Input <inp<15:12>> is never used. This port will be preserved and left unconnected if it belongs to a top-level block or it belongs to a sub-block and the hierarchy of this sub-block is preserved.
    Summary:
	inferred   1 Multiplexer(s).
Unit <EndGame_Decoder_LED> synthesized.

=========================================================================
HDL Synthesis Report

Macro Statistics
# Adders/Subtractors                                   : 3
 12-bit adder                                          : 2
 4-bit adder                                           : 1
# Registers                                            : 13
 1-bit register                                        : 3
 12-bit register                                       : 2
 16-bit register                                       : 5
 4-bit register                                        : 2
 7-bit register                                        : 1
# Latches                                              : 64
 1-bit latch                                           : 64
# Comparators                                          : 6
 12-bit comparator greater                             : 3
 4-bit comparator greater                              : 3
# Multiplexers                                         : 94
 1-bit 2-to-1 multiplexer                              : 80
 12-bit 2-to-1 multiplexer                             : 6
 2-bit 2-to-1 multiplexer                              : 2
 4-bit 2-to-1 multiplexer                              : 5
 7-bit 4-to-1 multiplexer                              : 1
# FSMs                                                 : 2

=========================================================================

=========================================================================
*                       Advanced HDL Synthesis                          *
=========================================================================

WARNING:Xst:1710 - FF/Latch <out_7seg_6> (without init value) has a constant value of 0 in block <XLXI_11>. This FF/Latch will be trimmed during the optimization process.
WARNING:Xst:1710 - FF/Latch <out_7seg_5> (without init value) has a constant value of 0 in block <XLXI_11>. This FF/Latch will be trimmed during the optimization process.
WARNING:Xst:1710 - FF/Latch <out_7seg_4> (without init value) has a constant value of 0 in block <XLXI_11>. This FF/Latch will be trimmed during the optimization process.
WARNING:Xst:1710 - FF/Latch <out_7seg_3> (without init value) has a constant value of 0 in block <XLXI_11>. This FF/Latch will be trimmed during the optimization process.
WARNING:Xst:1710 - FF/Latch <out_7seg_2> (without init value) has a constant value of 0 in block <XLXI_11>. This FF/Latch will be trimmed during the optimization process.
WARNING:Xst:1710 - FF/Latch <out_7seg_1> (without init value) has a constant value of 0 in block <XLXI_11>. This FF/Latch will be trimmed during the optimization process.
WARNING:Xst:1710 - FF/Latch <out_7seg_0> (without init value) has a constant value of 0 in block <XLXI_11>. This FF/Latch will be trimmed during the optimization process.
WARNING:Xst:1710 - FF/Latch <common_7seg_FPGA_3> (without init value) has a constant value of 1 in block <XLXI_11>. This FF/Latch will be trimmed during the optimization process.
WARNING:Xst:1710 - FF/Latch <common_7seg_FPGA_2> (without init value) has a constant value of 1 in block <XLXI_11>. This FF/Latch will be trimmed during the optimization process.
WARNING:Xst:1710 - FF/Latch <common_7seg_FPGA_1> (without init value) has a constant value of 1 in block <XLXI_11>. This FF/Latch will be trimmed during the optimization process.
WARNING:Xst:1710 - FF/Latch <common_7seg_FPGA_0> (without init value) has a constant value of 1 in block <XLXI_11>. This FF/Latch will be trimmed during the optimization process.
WARNING:Xst:1293 - FF/Latch <Clk_Count_11> has a constant value of 0 in block <XLXI_11>. This FF/Latch will be trimmed during the optimization process.
WARNING:Xst:1293 - FF/Latch <Clk_Count_10> has a constant value of 0 in block <XLXI_11>. This FF/Latch will be trimmed during the optimization process.
WARNING:Xst:1293 - FF/Latch <Clk_Count_9> has a constant value of 0 in block <XLXI_11>. This FF/Latch will be trimmed during the optimization process.
WARNING:Xst:1293 - FF/Latch <Clk_Count_8> has a constant value of 0 in block <XLXI_11>. This FF/Latch will be trimmed during the optimization process.
WARNING:Xst:1293 - FF/Latch <Clk_Count_7> has a constant value of 0 in block <XLXI_11>. This FF/Latch will be trimmed during the optimization process.
WARNING:Xst:1293 - FF/Latch <Clk_Count_6> has a constant value of 0 in block <XLXI_11>. This FF/Latch will be trimmed during the optimization process.
WARNING:Xst:1293 - FF/Latch <Clk_Count_5> has a constant value of 0 in block <XLXI_11>. This FF/Latch will be trimmed during the optimization process.
WARNING:Xst:1293 - FF/Latch <Clk_Count_4> has a constant value of 0 in block <XLXI_11>. This FF/Latch will be trimmed during the optimization process.
WARNING:Xst:1293 - FF/Latch <Clk_Count_3> has a constant value of 0 in block <XLXI_11>. This FF/Latch will be trimmed during the optimization process.
WARNING:Xst:1293 - FF/Latch <Clk_Count_2> has a constant value of 0 in block <XLXI_11>. This FF/Latch will be trimmed during the optimization process.
WARNING:Xst:1293 - FF/Latch <Clk_Count_1> has a constant value of 0 in block <XLXI_11>. This FF/Latch will be trimmed during the optimization process.
WARNING:Xst:1293 - FF/Latch <Clk_Count_0> has a constant value of 0 in block <XLXI_11>. This FF/Latch will be trimmed during the optimization process.
WARNING:Xst:1290 - Hierarchical block <XLXI_6> is unconnected in block <rx_To_Display>.
   It will be removed from the design.
WARNING:Xst:2677 - Node <bot_Move_Out_15> of sequential type is unconnected in block <XLXI_2>.
WARNING:Xst:2677 - Node <bot_Move_Out_14> of sequential type is unconnected in block <XLXI_2>.
WARNING:Xst:2677 - Node <bot_Move_Out_13> of sequential type is unconnected in block <XLXI_2>.
WARNING:Xst:2677 - Node <bot_Move_Out_12> of sequential type is unconnected in block <XLXI_2>.
WARNING:Xst:2677 - Node <bot_Move_Out_11> of sequential type is unconnected in block <XLXI_2>.
WARNING:Xst:2677 - Node <bot_Move_Out_10> of sequential type is unconnected in block <XLXI_2>.
WARNING:Xst:2677 - Node <bot_Move_Out_9> of sequential type is unconnected in block <XLXI_2>.
WARNING:Xst:2677 - Node <bot_Move_Out_8> of sequential type is unconnected in block <XLXI_2>.
WARNING:Xst:2677 - Node <bot_Move_Out_7> of sequential type is unconnected in block <XLXI_2>.
WARNING:Xst:2677 - Node <bot_Move_Out_6> of sequential type is unconnected in block <XLXI_2>.
WARNING:Xst:2677 - Node <bot_Move_Out_5> of sequential type is unconnected in block <XLXI_2>.
WARNING:Xst:2677 - Node <bot_Move_Out_4> of sequential type is unconnected in block <XLXI_2>.
WARNING:Xst:2677 - Node <bot_Move_Out_3> of sequential type is unconnected in block <XLXI_2>.
WARNING:Xst:2677 - Node <bot_Move_Out_2> of sequential type is unconnected in block <XLXI_2>.
WARNING:Xst:2677 - Node <bot_Move_Out_1> of sequential type is unconnected in block <XLXI_2>.
WARNING:Xst:2677 - Node <bot_Move_Out_0> of sequential type is unconnected in block <XLXI_2>.
WARNING:Xst:1290 - Hierarchical block <XLXI_10> is unconnected in block <rx_To_Display>.
   It will be removed from the design.

Synthesizing (advanced) Unit <move_7seg_decoder>.
The following registers are absorbed into counter <Clk_Count>: 1 register on signal <Clk_Count>.
Unit <move_7seg_decoder> synthesized (advanced).

=========================================================================
Advanced HDL Synthesis Report

Macro Statistics
# Adders/Subtractors                                   : 2
 12-bit adder                                          : 1
 4-bit adder                                           : 1
# Counters                                             : 1
 12-bit up counter                                     : 1
# Registers                                            : 110
 Flip-Flops                                            : 110
# Comparators                                          : 6
 12-bit comparator greater                             : 3
 4-bit comparator greater                              : 3
# Multiplexers                                         : 92
 1-bit 2-to-1 multiplexer                              : 80
 12-bit 2-to-1 multiplexer                             : 6
 4-bit 2-to-1 multiplexer                              : 5
 7-bit 4-to-1 multiplexer                              : 1
# FSMs                                                 : 2

=========================================================================

=========================================================================
*                         Low Level Synthesis                           *
=========================================================================
WARNING:Xst:1710 - FF/Latch <common_7seg_FPGA_0> (without init value) has a constant value of 1 in block <move_7seg_decoder>. This FF/Latch will be trimmed during the optimization process.
WARNING:Xst:1895 - Due to other FF/Latch trimming, FF/Latch <common_7seg_FPGA_1> (without init value) has a constant value of 1 in block <move_7seg_decoder>. This FF/Latch will be trimmed during the optimization process.
WARNING:Xst:1895 - Due to other FF/Latch trimming, FF/Latch <common_7seg_FPGA_2> (without init value) has a constant value of 1 in block <move_7seg_decoder>. This FF/Latch will be trimmed during the optimization process.
WARNING:Xst:1895 - Due to other FF/Latch trimming, FF/Latch <common_7seg_FPGA_3> (without init value) has a constant value of 1 in block <move_7seg_decoder>. This FF/Latch will be trimmed during the optimization process.
WARNING:Xst:1895 - Due to other FF/Latch trimming, FF/Latch <out_7seg_0> (without init value) has a constant value of 0 in block <move_7seg_decoder>. This FF/Latch will be trimmed during the optimization process.
WARNING:Xst:1895 - Due to other FF/Latch trimming, FF/Latch <out_7seg_1> (without init value) has a constant value of 0 in block <move_7seg_decoder>. This FF/Latch will be trimmed during the optimization process.
WARNING:Xst:1895 - Due to other FF/Latch trimming, FF/Latch <out_7seg_2> (without init value) has a constant value of 0 in block <move_7seg_decoder>. This FF/Latch will be trimmed during the optimization process.
WARNING:Xst:1895 - Due to other FF/Latch trimming, FF/Latch <out_7seg_3> (without init value) has a constant value of 0 in block <move_7seg_decoder>. This FF/Latch will be trimmed during the optimization process.
WARNING:Xst:1895 - Due to other FF/Latch trimming, FF/Latch <out_7seg_4> (without init value) has a constant value of 0 in block <move_7seg_decoder>. This FF/Latch will be trimmed during the optimization process.
WARNING:Xst:1895 - Due to other FF/Latch trimming, FF/Latch <out_7seg_5> (without init value) has a constant value of 0 in block <move_7seg_decoder>. This FF/Latch will be trimmed during the optimization process.
WARNING:Xst:1895 - Due to other FF/Latch trimming, FF/Latch <out_7seg_6> (without init value) has a constant value of 0 in block <move_7seg_decoder>. This FF/Latch will be trimmed during the optimization process.
WARNING:Xst:2973 - All outputs of instance <XLXI_6> of block <register16bits> are unconnected in block <rx_To_Display>. Underlying logic will be removed.
Analyzing FSM <MFsm> for best encoding.
Optimizing FSM <XLXI_1/FSM_0> on signal <state[1:3]> with user encoding.
--------------------------
 State        | Encoding
--------------------------
 idle         | 000
 rx_start_bit | 001
 rx_data_bits | 010
 rx_stop_bit  | 011
 cleanup      | 100
--------------------------

Optimizing unit <register16bits> ...

Optimizing unit <rx_To_Display> ...

Optimizing unit <serial_rx> ...

Optimizing unit <demux1to4> ...
WARNING:Xst:1710 - FF/Latch <bot_Move_Out_15> (without init value) has a constant value of 0 in block <demux1to4>. This FF/Latch will be trimmed during the optimization process.
WARNING:Xst:1710 - FF/Latch <error_Out_14> (without init value) has a constant value of 0 in block <demux1to4>. This FF/Latch will be trimmed during the optimization process.
WARNING:Xst:1710 - FF/Latch <promote_Out_14> (without init value) has a constant value of 0 in block <demux1to4>. This FF/Latch will be trimmed during the optimization process.
WARNING:Xst:1710 - FF/Latch <end_Game_Out_13> (without init value) has a constant value of 0 in block <demux1to4>. This FF/Latch will be trimmed during the optimization process.
WARNING:Xst:1710 - FF/Latch <bot_Move_Out_15> (without init value) has a constant value of 0 in block <demux1to4>. This FF/Latch will be trimmed during the optimization process.
WARNING:Xst:1710 - FF/Latch <error_Out_14> (without init value) has a constant value of 0 in block <demux1to4>. This FF/Latch will be trimmed during the optimization process.
WARNING:Xst:1710 - FF/Latch <promote_Out_14> (without init value) has a constant value of 0 in block <demux1to4>. This FF/Latch will be trimmed during the optimization process.
WARNING:Xst:1710 - FF/Latch <end_Game_Out_13> (without init value) has a constant value of 0 in block <demux1to4>. This FF/Latch will be trimmed during the optimization process.
INFO:Xst:2261 - The FF/Latch <bot_Move_Out_14> in Unit <demux1to4> is equivalent to the following FF/Latch, which will be removed : <bot_Move_Out_13> 
WARNING:Xst:1710 - FF/Latch <XLXI_4/para_out_14> (without init value) has a constant value of 0 in block <rx_To_Display>. This FF/Latch will be trimmed during the optimization process.
WARNING:Xst:2677 - Node <XLXI_5/para_out_15> of sequential type is unconnected in block <rx_To_Display>.
WARNING:Xst:2677 - Node <XLXI_5/para_out_14> of sequential type is unconnected in block <rx_To_Display>.
WARNING:Xst:2677 - Node <XLXI_5/para_out_13> of sequential type is unconnected in block <rx_To_Display>.
WARNING:Xst:2677 - Node <XLXI_5/para_out_9> of sequential type is unconnected in block <rx_To_Display>.
WARNING:Xst:2677 - Node <XLXI_5/para_out_8> of sequential type is unconnected in block <rx_To_Display>.
WARNING:Xst:2677 - Node <XLXI_5/para_out_7> of sequential type is unconnected in block <rx_To_Display>.
WARNING:Xst:2677 - Node <XLXI_5/para_out_6> of sequential type is unconnected in block <rx_To_Display>.
WARNING:Xst:2677 - Node <XLXI_5/para_out_5> of sequential type is unconnected in block <rx_To_Display>.
WARNING:Xst:2677 - Node <XLXI_5/para_out_4> of sequential type is unconnected in block <rx_To_Display>.
WARNING:Xst:2677 - Node <XLXI_5/para_out_3> of sequential type is unconnected in block <rx_To_Display>.
WARNING:Xst:2677 - Node <XLXI_5/para_out_2> of sequential type is unconnected in block <rx_To_Display>.
WARNING:Xst:2677 - Node <XLXI_5/para_out_1> of sequential type is unconnected in block <rx_To_Display>.
WARNING:Xst:2677 - Node <XLXI_5/para_out_0> of sequential type is unconnected in block <rx_To_Display>.
WARNING:Xst:2677 - Node <XLXI_3/para_out_15> of sequential type is unconnected in block <rx_To_Display>.
WARNING:Xst:2677 - Node <XLXI_3/para_out_14> of sequential type is unconnected in block <rx_To_Display>.
WARNING:Xst:2677 - Node <XLXI_3/para_out_13> of sequential type is unconnected in block <rx_To_Display>.
WARNING:Xst:2677 - Node <XLXI_3/para_out_12> of sequential type is unconnected in block <rx_To_Display>.
WARNING:Xst:2677 - Node <XLXI_3/para_out_9> of sequential type is unconnected in block <rx_To_Display>.
WARNING:Xst:2677 - Node <XLXI_3/para_out_8> of sequential type is unconnected in block <rx_To_Display>.
WARNING:Xst:2677 - Node <XLXI_3/para_out_7> of sequential type is unconnected in block <rx_To_Display>.
WARNING:Xst:2677 - Node <XLXI_3/para_out_6> of sequential type is unconnected in block <rx_To_Display>.
WARNING:Xst:2677 - Node <XLXI_3/para_out_5> of sequential type is unconnected in block <rx_To_Display>.
WARNING:Xst:2677 - Node <XLXI_3/para_out_4> of sequential type is unconnected in block <rx_To_Display>.
WARNING:Xst:2677 - Node <XLXI_3/para_out_3> of sequential type is unconnected in block <rx_To_Display>.
WARNING:Xst:2677 - Node <XLXI_3/para_out_2> of sequential type is unconnected in block <rx_To_Display>.
WARNING:Xst:2677 - Node <XLXI_3/para_out_1> of sequential type is unconnected in block <rx_To_Display>.
WARNING:Xst:2677 - Node <XLXI_3/para_out_0> of sequential type is unconnected in block <rx_To_Display>.
WARNING:Xst:2677 - Node <XLXI_2/end_Game_Out_0> of sequential type is unconnected in block <rx_To_Display>.
WARNING:Xst:2677 - Node <XLXI_2/error_Out_0> of sequential type is unconnected in block <rx_To_Display>.
WARNING:Xst:2677 - Node <XLXI_2/bot_Move_Out_0> of sequential type is unconnected in block <rx_To_Display>.
WARNING:Xst:2677 - Node <XLXI_2/end_Game_Out_1> of sequential type is unconnected in block <rx_To_Display>.
WARNING:Xst:2677 - Node <XLXI_2/error_Out_1> of sequential type is unconnected in block <rx_To_Display>.
WARNING:Xst:2677 - Node <XLXI_2/bot_Move_Out_1> of sequential type is unconnected in block <rx_To_Display>.
WARNING:Xst:2677 - Node <XLXI_2/end_Game_Out_2> of sequential type is unconnected in block <rx_To_Display>.
WARNING:Xst:2677 - Node <XLXI_2/error_Out_2> of sequential type is unconnected in block <rx_To_Display>.
WARNING:Xst:2677 - Node <XLXI_2/bot_Move_Out_2> of sequential type is unconnected in block <rx_To_Display>.
WARNING:Xst:2677 - Node <XLXI_2/end_Game_Out_3> of sequential type is unconnected in block <rx_To_Display>.
WARNING:Xst:2677 - Node <XLXI_2/error_Out_3> of sequential type is unconnected in block <rx_To_Display>.
WARNING:Xst:2677 - Node <XLXI_2/bot_Move_Out_3> of sequential type is unconnected in block <rx_To_Display>.
WARNING:Xst:2677 - Node <XLXI_2/end_Game_Out_4> of sequential type is unconnected in block <rx_To_Display>.
WARNING:Xst:2677 - Node <XLXI_2/error_Out_4> of sequential type is unconnected in block <rx_To_Display>.
WARNING:Xst:2677 - Node <XLXI_2/bot_Move_Out_4> of sequential type is unconnected in block <rx_To_Display>.
WARNING:Xst:2677 - Node <XLXI_2/end_Game_Out_5> of sequential type is unconnected in block <rx_To_Display>.
WARNING:Xst:2677 - Node <XLXI_2/error_Out_5> of sequential type is unconnected in block <rx_To_Display>.
WARNING:Xst:2677 - Node <XLXI_2/bot_Move_Out_5> of sequential type is unconnected in block <rx_To_Display>.
WARNING:Xst:2677 - Node <XLXI_2/end_Game_Out_6> of sequential type is unconnected in block <rx_To_Display>.
WARNING:Xst:2677 - Node <XLXI_2/error_Out_6> of sequential type is unconnected in block <rx_To_Display>.
WARNING:Xst:2677 - Node <XLXI_2/bot_Move_Out_6> of sequential type is unconnected in block <rx_To_Display>.
WARNING:Xst:2677 - Node <XLXI_2/end_Game_Out_7> of sequential type is unconnected in block <rx_To_Display>.
WARNING:Xst:2677 - Node <XLXI_2/error_Out_7> of sequential type is unconnected in block <rx_To_Display>.
WARNING:Xst:2677 - Node <XLXI_2/bot_Move_Out_7> of sequential type is unconnected in block <rx_To_Display>.
WARNING:Xst:2677 - Node <XLXI_2/end_Game_Out_8> of sequential type is unconnected in block <rx_To_Display>.
WARNING:Xst:2677 - Node <XLXI_2/error_Out_8> of sequential type is unconnected in block <rx_To_Display>.
WARNING:Xst:2677 - Node <XLXI_2/bot_Move_Out_8> of sequential type is unconnected in block <rx_To_Display>.
WARNING:Xst:2677 - Node <XLXI_2/end_Game_Out_9> of sequential type is unconnected in block <rx_To_Display>.
WARNING:Xst:2677 - Node <XLXI_2/error_Out_9> of sequential type is unconnected in block <rx_To_Display>.
WARNING:Xst:2677 - Node <XLXI_2/bot_Move_Out_9> of sequential type is unconnected in block <rx_To_Display>.
WARNING:Xst:2677 - Node <XLXI_2/bot_Move_Out_10> of sequential type is unconnected in block <rx_To_Display>.
WARNING:Xst:2677 - Node <XLXI_2/bot_Move_Out_11> of sequential type is unconnected in block <rx_To_Display>.
WARNING:Xst:2677 - Node <XLXI_2/end_Game_Out_12> of sequential type is unconnected in block <rx_To_Display>.
WARNING:Xst:2677 - Node <XLXI_2/bot_Move_Out_12> of sequential type is unconnected in block <rx_To_Display>.
WARNING:Xst:2677 - Node <XLXI_2/error_Out_13> of sequential type is unconnected in block <rx_To_Display>.
WARNING:Xst:2677 - Node <XLXI_2/bot_Move_Out_13> of sequential type is unconnected in block <rx_To_Display>.
WARNING:Xst:2677 - Node <XLXI_2/end_Game_Out_14> of sequential type is unconnected in block <rx_To_Display>.
WARNING:Xst:2677 - Node <XLXI_2/bot_Move_Out_14> of sequential type is unconnected in block <rx_To_Display>.
WARNING:Xst:2677 - Node <XLXI_2/end_Game_Out_15> of sequential type is unconnected in block <rx_To_Display>.
WARNING:Xst:2677 - Node <XLXI_2/error_Out_15> of sequential type is unconnected in block <rx_To_Display>.
INFO:Xst:2261 - The FF/Latch <XLXI_1/state_FSM_FFd1> in Unit <rx_To_Display> is equivalent to the following FF/Latch, which will be removed : <XLXI_1/rx_data_done> 

Mapping all equations...
Building and optimizing final netlist ...
Found area constraint ratio of 100 (+ 5) on block rx_To_Display, actual ratio is 2.

Final Macro Processing ...

Processing Unit <rx_To_Display> :
	Found 2-bit shift register for signal <XLXI_1/RX_Data>.
Unit <rx_To_Display> processed.

=========================================================================
Final Register Report

Macro Statistics
# Registers                                            : 55
 Flip-Flops                                            : 55
# Shift Registers                                      : 1
 2-bit shift register                                  : 1

=========================================================================

=========================================================================
*                           Partition Report                            *
=========================================================================

Partition Implementation Status
-------------------------------

  No Partitions were found in this design.

-------------------------------

=========================================================================
*                            Design Summary                             *
=========================================================================

Top Level Output File Name         : rx_To_Display.ngc

Primitive and Black Box Usage:
------------------------------
# BELS                             : 131
#      GND                         : 1
#      INV                         : 1
#      LUT1                        : 11
#      LUT2                        : 9
#      LUT3                        : 37
#      LUT4                        : 2
#      LUT5                        : 5
#      LUT6                        : 41
#      MUXCY                       : 11
#      VCC                         : 1
#      XORCY                       : 12
# FlipFlops/Latches                : 76
#      FD                          : 15
#      FDC                         : 20
#      FDE                         : 21
#      LD                          : 20
# Shift Registers                  : 1
#      SRLC16E                     : 1
# Clock Buffers                    : 2
#      BUFG                        : 1
#      BUFGP                       : 1
# IO Buffers                       : 23
#      IBUF                        : 4
#      OBUF                        : 19

Device utilization summary:
---------------------------

Selected Device : 6slx9tqg144-3 


Slice Logic Utilization: 
 Number of Slice Registers:              76  out of  11440     0%  
 Number of Slice LUTs:                  107  out of   5720     1%  
    Number used as Logic:               106  out of   5720     1%  
    Number used as Memory:                1  out of   1440     0%  
       Number used as SRL:                1

Slice Logic Distribution: 
 Number of LUT Flip Flop pairs used:    119
   Number with an unused Flip Flop:      43  out of    119    36%  
   Number with an unused LUT:            12  out of    119    10%  
   Number of fully used LUT-FF pairs:    64  out of    119    53%  
   Number of unique control sets:        10

IO Utilization: 
 Number of IOs:                          25
 Number of bonded IOBs:                  24  out of    102    23%  

Specific Feature Utilization:
 Number of BUFG/BUFGCTRLs:                2  out of     16    12%  

---------------------------
Partition Resource Summary:
---------------------------

  No Partitions were found in this design.

---------------------------


=========================================================================
Timing Report

NOTE: THESE TIMING NUMBERS ARE ONLY A SYNTHESIS ESTIMATE.
      FOR ACCURATE TIMING INFORMATION PLEASE REFER TO THE TRACE REPORT
      GENERATED AFTER PLACE-and-ROUTE.

Clock Information:
------------------
-------------------------------------+--------------------------------+-------+
Clock Signal                         | Clock buffer(FF name)          | Load  |
-------------------------------------+--------------------------------+-------+
clk_P123                             | BUFGP                          | 37    |
XLXI_1/state_FSM_FFd1                | BUFG                           | 20    |
XLXI_2/_n0145<2>(XLXI_2/_n0145<1>1:O)| NONE(*)(XLXI_2/promote_Out_0)  | 15    |
XLXI_2/_n0145<3>(XLXI_2/_n0145<0>1:O)| NONE(*)(XLXI_2/end_Game_Out_10)| 2     |
XLXI_2/_n0145<1>(XLXI_2/_n0145<2>1:O)| NONE(*)(XLXI_2/error_Out_10)   | 3     |
-------------------------------------+--------------------------------+-------+
(*) These 3 clock signal(s) are generated by combinatorial logic,
and XST is not able to identify which are the primary clock signals.
Please use the CLOCK_SIGNAL constraint to specify the clock signal(s) generated by combinatorial logic.
INFO:Xst:2169 - HDL ADVISOR - Some clock signals were not automatically buffered by XST with BUFG/BUFR resources. Please use the buffer_type constraint in order to insert these buffers to the clock signals to help prevent skew problems.

Asynchronous Control Signals Information:
----------------------------------------
No asynchronous control signals found in this design

Timing Summary:
---------------
Speed Grade: -3

   Minimum period: 4.941ns (Maximum Frequency: 202.407MHz)
   Minimum input arrival time before clock: 2.633ns
   Maximum output required time after clock: 5.737ns
   Maximum combinational path delay: No path found

Timing Details:
---------------
All values displayed in nanoseconds (ns)

=========================================================================
Timing constraint: Default period analysis for Clock 'clk_P123'
  Clock period: 4.941ns (frequency: 202.407MHz)
  Total number of paths / destination ports: 1419 / 56
-------------------------------------------------------------------------
Delay:               4.941ns (Levels of Logic = 4)
  Source:            XLXI_1/Clk_Count_9 (FF)
  Destination:       XLXI_1/Clk_Count_11 (FF)
  Source Clock:      clk_P123 rising
  Destination Clock: clk_P123 rising

  Data Path: XLXI_1/Clk_Count_9 to XLXI_1/Clk_Count_11
                                Gate     Net
    Cell:in->out      fanout   Delay   Delay  Logical Name (Net Name)
    ----------------------------------------  ------------
     FD:C->Q               5   0.447   1.079  XLXI_1/Clk_Count_9 (XLXI_1/Clk_Count_9)
     LUT6:I0->O            1   0.203   0.580  XLXI_1/Clk_Count[11]_PWR_5_o_LessThan_28_o11 (XLXI_1/Clk_Count[11]_PWR_5_o_LessThan_28_o1)
     LUT6:I5->O           16   0.205   1.233  XLXI_1/Clk_Count[11]_PWR_5_o_LessThan_28_o12 (XLXI_1/Clk_Count[11]_PWR_5_o_LessThan_28_o)
     LUT6:I3->O            1   0.205   0.684  XLXI_1/Mmux__n011813 (XLXI_1/_n0118<10>)
     LUT3:I1->O            1   0.203   0.000  XLXI_1/Clk_Count_2_rstpot (XLXI_1/Clk_Count_2_rstpot)
     FD:D                      0.102          XLXI_1/Clk_Count_2
    ----------------------------------------
    Total                      4.941ns (1.365ns logic, 3.576ns route)
                                       (27.6% logic, 72.4% route)

=========================================================================
Timing constraint: Default OFFSET IN BEFORE for Clock 'XLXI_1/state_FSM_FFd1'
  Total number of paths / destination ports: 20 / 20
-------------------------------------------------------------------------
Offset:              2.633ns (Levels of Logic = 1)
  Source:            rx_clear_promote (PAD)
  Destination:       XLXI_4/para_out_15 (FF)
  Destination Clock: XLXI_1/state_FSM_FFd1 rising

  Data Path: rx_clear_promote to XLXI_4/para_out_15
                                Gate     Net
    Cell:in->out      fanout   Delay   Delay  Logical Name (Net Name)
    ----------------------------------------  ------------
     IBUF:I->O            15   1.222   0.981  rx_clear_promote_IBUF (rx_clear_promote_IBUF)
     FDC:CLR                   0.430          XLXI_4/para_out_0
    ----------------------------------------
    Total                      2.633ns (1.652ns logic, 0.981ns route)
                                       (62.7% logic, 37.3% route)

=========================================================================
Timing constraint: Default OFFSET IN BEFORE for Clock 'clk_P123'
  Total number of paths / destination ports: 1 / 1
-------------------------------------------------------------------------
Offset:              1.801ns (Levels of Logic = 1)
  Source:            rx_P97 (PAD)
  Destination:       XLXI_1/Mshreg_RX_Data (FF)
  Destination Clock: clk_P123 rising

  Data Path: rx_P97 to XLXI_1/Mshreg_RX_Data
                                Gate     Net
    Cell:in->out      fanout   Delay   Delay  Logical Name (Net Name)
    ----------------------------------------  ------------
     IBUF:I->O             1   1.222   0.579  rx_P97_IBUF (rx_P97_IBUF)
     SRLC16E:D                -0.060          XLXI_1/Mshreg_RX_Data
    ----------------------------------------
    Total                      1.801ns (1.222ns logic, 0.579ns route)
                                       (67.9% logic, 32.1% route)

=========================================================================
Timing constraint: Default OFFSET OUT AFTER for Clock 'XLXI_1/state_FSM_FFd1'
  Total number of paths / destination ports: 31 / 8
-------------------------------------------------------------------------
Offset:              5.737ns (Levels of Logic = 3)
  Source:            XLXI_4/para_out_15 (FF)
  Destination:       L5L4L3_P75_P78_P79<3> (PAD)
  Source Clock:      XLXI_1/state_FSM_FFd1 rising

  Data Path: XLXI_4/para_out_15 to L5L4L3_P75_P78_P79<3>
                                Gate     Net
    Cell:in->out      fanout   Delay   Delay  Logical Name (Net Name)
    ----------------------------------------  ------------
     FDC:C->Q              1   0.447   0.924  XLXI_4/para_out_15 (XLXI_4/para_out_15)
     LUT5:I0->O            1   0.203   0.808  XLXI_13/Mmux_LED42 (XLXI_13/Mmux_LED41)
     LUT6:I3->O            1   0.205   0.579  XLXI_13/Mmux_LED43 (L5L4L3_P75_P78_P79_3_OBUF)
     OBUF:I->O                 2.571          L5L4L3_P75_P78_P79_3_OBUF (L5L4L3_P75_P78_P79<3>)
    ----------------------------------------
    Total                      5.737ns (3.426ns logic, 2.311ns route)
                                       (59.7% logic, 40.3% route)

=========================================================================

Cross Clock Domains Report:
--------------------------

Clock to Setup on destination clock XLXI_1/state_FSM_FFd1
----------------+---------+---------+---------+---------+
                | Src:Rise| Src:Fall| Src:Rise| Src:Fall|
Source Clock    |Dest:Rise|Dest:Rise|Dest:Fall|Dest:Fall|
----------------+---------+---------+---------+---------+
XLXI_2/_n0145<1>|         |    1.179|         |         |
XLXI_2/_n0145<2>|         |    1.179|         |         |
XLXI_2/_n0145<3>|         |    1.179|         |         |
----------------+---------+---------+---------+---------+

Clock to Setup on destination clock XLXI_2/_n0145<1>
---------------+---------+---------+---------+---------+
               | Src:Rise| Src:Fall| Src:Rise| Src:Fall|
Source Clock   |Dest:Rise|Dest:Rise|Dest:Fall|Dest:Fall|
---------------+---------+---------+---------+---------+
clk_P123       |         |         |    2.031|         |
---------------+---------+---------+---------+---------+

Clock to Setup on destination clock XLXI_2/_n0145<2>
---------------+---------+---------+---------+---------+
               | Src:Rise| Src:Fall| Src:Rise| Src:Fall|
Source Clock   |Dest:Rise|Dest:Rise|Dest:Fall|Dest:Fall|
---------------+---------+---------+---------+---------+
clk_P123       |         |         |    2.031|         |
---------------+---------+---------+---------+---------+

Clock to Setup on destination clock XLXI_2/_n0145<3>
---------------+---------+---------+---------+---------+
               | Src:Rise| Src:Fall| Src:Rise| Src:Fall|
Source Clock   |Dest:Rise|Dest:Rise|Dest:Fall|Dest:Fall|
---------------+---------+---------+---------+---------+
clk_P123       |         |         |    2.031|         |
---------------+---------+---------+---------+---------+

Clock to Setup on destination clock clk_P123
---------------+---------+---------+---------+---------+
               | Src:Rise| Src:Fall| Src:Rise| Src:Fall|
Source Clock   |Dest:Rise|Dest:Rise|Dest:Fall|Dest:Fall|
---------------+---------+---------+---------+---------+
clk_P123       |    4.941|         |         |         |
---------------+---------+---------+---------+---------+

=========================================================================


Total REAL time to Xst completion: 14.00 secs
Total CPU time to Xst completion: 13.54 secs
 
--> 

Total memory usage is 4515636 kilobytes

Number of errors   :    0 (   0 filtered)
Number of warnings :  222 (   0 filtered)
Number of infos    :    3 (   0 filtered)

