Release 14.7 - xst P.20131013 (nt64)
Copyright (c) 1995-2013 Xilinx, Inc.  All rights reserved.
--> Parameter TMPDIR set to xst/projnav.tmp


Total REAL time to Xst completion: 0.00 secs
Total CPU time to Xst completion: 0.20 secs
 
--> Parameter xsthdpdir set to xst


Total REAL time to Xst completion: 0.00 secs
Total CPU time to Xst completion: 0.21 secs
 
--> Reading design: main.prj

TABLE OF CONTENTS
  1) Synthesis Options Summary
  2) HDL Parsing
  3) HDL Elaboration
  4) HDL Synthesis
       4.1) HDL Synthesis Report
  5) Advanced HDL Synthesis
       5.1) Advanced HDL Synthesis Report
  6) Low Level Synthesis
  7) Partition Report
  8) Design Summary
       8.1) Primitive and Black Box Usage
       8.2) Device utilization summary
       8.3) Partition Resource Summary
       8.4) Timing Report
            8.4.1) Clock Information
            8.4.2) Asynchronous Control Signals Information
            8.4.3) Timing Summary
            8.4.4) Timing Details
            8.4.5) Cross Clock Domains Report


=========================================================================
*                      Synthesis Options Summary                        *
=========================================================================
---- Source Parameters
Input File Name                    : "main.prj"
Ignore Synthesis Constraint File   : NO

---- Target Parameters
Output File Name                   : "main"
Output Format                      : NGC
Target Device                      : xc6slx9-3-tqg144

---- Source Options
Top Module Name                    : main
Automatic FSM Extraction           : YES
FSM Encoding Algorithm             : Auto
Safe Implementation                : No
FSM Style                          : LUT
RAM Extraction                     : Yes
RAM Style                          : Auto
ROM Extraction                     : Yes
Shift Register Extraction          : YES
ROM Style                          : Auto
Resource Sharing                   : YES
Asynchronous To Synchronous        : NO
Shift Register Minimum Size        : 2
Use DSP Block                      : Auto
Automatic Register Balancing       : No

---- Target Options
LUT Combining                      : Auto
Reduce Control Sets                : Auto
Add IO Buffers                     : YES
Global Maximum Fanout              : 100000
Add Generic Clock Buffer(BUFG)     : 16
Register Duplication               : YES
Optimize Instantiated Primitives   : NO
Use Clock Enable                   : Auto
Use Synchronous Set                : Auto
Use Synchronous Reset              : Auto
Pack IO Registers into IOBs        : Auto
Equivalent register Removal        : YES

---- General Options
Optimization Goal                  : Speed
Optimization Effort                : 1
Power Reduction                    : NO
Keep Hierarchy                     : No
Netlist Hierarchy                  : As_Optimized
RTL Output                         : Yes
Global Optimization                : AllClockNets
Read Cores                         : YES
Write Timing Constraints           : NO
Cross Clock Analysis               : NO
Hierarchy Separator                : /
Bus Delimiter                      : <>
Case Specifier                     : Maintain
Slice Utilization Ratio            : 100
BRAM Utilization Ratio             : 100
DSP48 Utilization Ratio            : 100
Auto BRAM Packing                  : NO
Slice Utilization Ratio Delta      : 5

=========================================================================


=========================================================================
*                          HDL Parsing                                  *
=========================================================================
Parsing VHDL file "C:\Users\Ken\OneDrive - KMITL\Digital System Fundamentals\githubDigitalAssign\phol\DigitalProject\serial_rx_used.vhd" into library work
Parsing entity <serial_rx>.
Parsing architecture <Behavioral> of entity <serial_rx>.
Parsing VHDL file "C:\Users\Ken\OneDrive - KMITL\Digital System Fundamentals\githubDigitalAssign\phol\DigitalProject\reg_12bits.vhd" into library work
Parsing entity <shift_register12>.
Parsing architecture <Behavioral> of entity <shift_register12>.
Parsing VHDL file "C:\Users\Ken\OneDrive - KMITL\Digital System Fundamentals\githubDigitalAssign\phol\DigitalProject\move_12bits_7seg_decoder.vhd" into library work
Parsing entity <move_12bits_to_7seg>.
Parsing architecture <Behavioral> of entity <move_12bits_to_7seg>.
Parsing VHDL file "C:\Users\Ken\OneDrive - KMITL\Digital System Fundamentals\githubDigitalAssign\phol\DigitalProject\demux1_3.vhd" into library work
Parsing entity <demux1_3>.
Parsing architecture <bhv> of entity <demux1_3>.
Parsing VHDL file "C:\Users\Ken\OneDrive - KMITL\Digital System Fundamentals\githubDigitalAssign\phol\DigitalProject\main.vhd" into library work
Parsing entity <main>.
Parsing architecture <Behavioral> of entity <main>.

=========================================================================
*                            HDL Elaboration                            *
=========================================================================

Elaborating entity <main> (architecture <Behavioral>) from library <work>.
ERROR:HDLCompiler:377 - "C:\Users\Ken\OneDrive - KMITL\Digital System Fundamentals\githubDigitalAssign\phol\DigitalProject\main.vhd" Line 32: Entity port data_done does not match with type std_logic of component port
INFO:HDLCompiler:1408 - "C:\Users\Ken\OneDrive - KMITL\Digital System Fundamentals\githubDigitalAssign\phol\DigitalProject\demux1_3.vhd" Line 7. data_done is declared here
ERROR:HDLCompiler:377 - "C:\Users\Ken\OneDrive - KMITL\Digital System Fundamentals\githubDigitalAssign\phol\DigitalProject\main.vhd" Line 37: Entity port clk_move_reg does not match with type std_logic of component port
INFO:HDLCompiler:1408 - "C:\Users\Ken\OneDrive - KMITL\Digital System Fundamentals\githubDigitalAssign\phol\DigitalProject\demux1_3.vhd" Line 12. clk_move_reg is declared here
ERROR:HDLCompiler:377 - "C:\Users\Ken\OneDrive - KMITL\Digital System Fundamentals\githubDigitalAssign\phol\DigitalProject\main.vhd" Line 38: Entity port clk_error_reg does not match with type std_logic of component port
INFO:HDLCompiler:1408 - "C:\Users\Ken\OneDrive - KMITL\Digital System Fundamentals\githubDigitalAssign\phol\DigitalProject\demux1_3.vhd" Line 13. clk_error_reg is declared here
ERROR:HDLCompiler:377 - "C:\Users\Ken\OneDrive - KMITL\Digital System Fundamentals\githubDigitalAssign\phol\DigitalProject\main.vhd" Line 39: Entity port clk_promote_reg does not match with type std_logic of component port
INFO:HDLCompiler:1408 - "C:\Users\Ken\OneDrive - KMITL\Digital System Fundamentals\githubDigitalAssign\phol\DigitalProject\demux1_3.vhd" Line 14. clk_promote_reg is declared here

Elaborating entity <demux1_3> (architecture <bhv>) from library <work>.
ERROR:HDLCompiler:1319 - "C:\Users\Ken\OneDrive - KMITL\Digital System Fundamentals\githubDigitalAssign\phol\DigitalProject\demux1_3.vhd" Line 7: Port data_done is not constrained
ERROR:HDLCompiler:1319 - "C:\Users\Ken\OneDrive - KMITL\Digital System Fundamentals\githubDigitalAssign\phol\DigitalProject\demux1_3.vhd" Line 12: Port clk_move_reg is not constrained
ERROR:HDLCompiler:1319 - "C:\Users\Ken\OneDrive - KMITL\Digital System Fundamentals\githubDigitalAssign\phol\DigitalProject\demux1_3.vhd" Line 13: Port clk_error_reg is not constrained
ERROR:HDLCompiler:1319 - "C:\Users\Ken\OneDrive - KMITL\Digital System Fundamentals\githubDigitalAssign\phol\DigitalProject\demux1_3.vhd" Line 14: Port clk_promote_reg is not constrained
Execution of entity demux1_3 failed
Netlist main(Behavioral) remains a blackbox, due to errors in its contents
--> 

Total memory usage is 4478632 kilobytes

Number of errors   :    8 (   0 filtered)
Number of warnings :    0 (   0 filtered)
Number of infos    :    0 (   0 filtered)

